
> remy@0.0.0 dev
> vite


  VITE v7.1.2  ready in 221 ms

  ➜  Local:   http://localhost:5173/
  ➜  Network: use --host to expose
10:52:28 [vite] Internal server error: [postcss] It looks like you're trying to use `tailwindcss` directly as a PostCSS plugin. The PostCSS plugin has moved to a separate package, so to continue using Tailwind CSS with PostCSS you'll need to install `@tailwindcss/postcss` and update your PostCSS configuration.
  Plugin: vite:css
  File: /Applications/XAMPP/xamppfiles/htdocs/remy-react/remy/src/App.css:undefined:NaN
      at gn (file:///Applications/XAMPP/xamppfiles/htdocs/remy-react/remy/node_modules/tailwindcss/dist/chunk-4WXWQT6Y.mjs:35:2121)
      at LazyResult.runOnRoot (/Applications/XAMPP/xamppfiles/htdocs/remy-react/remy/node_modules/postcss/lib/lazy-result.js:361:16)
      at LazyResult.runAsync (/Applications/XAMPP/xamppfiles/htdocs/remy-react/remy/node_modules/postcss/lib/lazy-result.js:290:26)
      at LazyResult.async (/Applications/XAMPP/xamppfiles/htdocs/remy-react/remy/node_modules/postcss/lib/lazy-result.js:192:30)
      at LazyResult.then (/Applications/XAMPP/xamppfiles/htdocs/remy-react/remy/node_modules/postcss/lib/lazy-result.js:436:17)
10:52:28 [vite] (client) Pre-transform error: [postcss] It looks like you're trying to use `tailwindcss` directly as a PostCSS plugin. The PostCSS plugin has moved to a separate package, so to continue using Tailwind CSS with PostCSS you'll need to install `@tailwindcss/postcss` and update your PostCSS configuration.
  Plugin: vite:css
  File: /Applications/XAMPP/xamppfiles/htdocs/remy-react/remy/src/App.css:undefined:NaN
10:52:28 [vite] Internal server error: [postcss] Missing "./base" specifier in "tailwindcss" package
  Plugin: vite:css
  File: /Applications/XAMPP/xamppfiles/htdocs/remy-react/remy/src/index.css:undefined:NaN
      at e (file:///Applications/XAMPP/xamppfiles/htdocs/remy-react/remy/node_modules/vite/dist/node/chunks/dep-CMEinpL-.js:9039:8)
      at n (file:///Applications/XAMPP/xamppfiles/htdocs/remy-react/remy/node_modules/vite/dist/node/chunks/dep-CMEinpL-.js:9051:14)
      at o (file:///Applications/XAMPP/xamppfiles/htdocs/remy-react/remy/node_modules/vite/dist/node/chunks/dep-CMEinpL-.js:9079:10)
      at resolveExportsOrImports (file:///Applications/XAMPP/xamppfiles/htdocs/remy-react/remy/node_modules/vite/dist/node/chunks/dep-CMEinpL-.js:12174:17)
      at resolveDeepImport (file:///Applications/XAMPP/xamppfiles/htdocs/remy-react/remy/node_modules/vite/dist/node/chunks/dep-CMEinpL-.js:12188:22)
      at tryNodeResolve (file:///Applications/XAMPP/xamppfiles/htdocs/remy-react/remy/node_modules/vite/dist/node/chunks/dep-CMEinpL-.js:12059:17)
      at ResolveIdContext.handler (file:///Applications/XAMPP/xamppfiles/htdocs/remy-react/remy/node_modules/vite/dist/node/chunks/dep-CMEinpL-.js:11894:16)
      at EnvironmentPluginContainer.resolveId (file:///Applications/XAMPP/xamppfiles/htdocs/remy-react/remy/node_modules/vite/dist/node/chunks/dep-CMEinpL-.js:31271:56)
      at async resolve$4 (file:///Applications/XAMPP/xamppfiles/htdocs/remy-react/remy/node_modules/vite/dist/node/chunks/dep-CMEinpL-.js:31813:10)
      at async file:///Applications/XAMPP/xamppfiles/htdocs/remy-react/remy/node_modules/vite/dist/node/chunks/dep-CMEinpL-.js:31826:20
      at async file:///Applications/XAMPP/xamppfiles/htdocs/remy-react/remy/node_modules/vite/dist/node/chunks/dep-CMEinpL-.js:36397:12
      at async Object.resolve (file:///Applications/XAMPP/xamppfiles/htdocs/remy-react/remy/node_modules/vite/dist/node/chunks/dep-CMEinpL-.js:32446:21)
      at async resolveImportId (file:///Applications/XAMPP/xamppfiles/htdocs/remy-react/remy/node_modules/vite/dist/node/chunks/dep-zLyvzoxR.js:376:18)
      at async parseStyles$1 (file:///Applications/XAMPP/xamppfiles/htdocs/remy-react/remy/node_modules/vite/dist/node/chunks/dep-zLyvzoxR.js:341:4)
      at async Object.Once (file:///Applications/XAMPP/xamppfiles/htdocs/remy-react/remy/node_modules/vite/dist/node/chunks/dep-zLyvzoxR.js:469:20)
      at async LazyResult.runAsync (/Applications/XAMPP/xamppfiles/htdocs/remy-react/remy/node_modules/postcss/lib/lazy-result.js:293:11)
      at async runPostCSS (file:///Applications/XAMPP/xamppfiles/htdocs/remy-react/remy/node_modules/vite/dist/node/chunks/dep-CMEinpL-.js:32509:19)
      at async compilePostCSS (file:///Applications/XAMPP/xamppfiles/htdocs/remy-react/remy/node_modules/vite/dist/node/chunks/dep-CMEinpL-.js:32489:17)
      at async compileCSS (file:///Applications/XAMPP/xamppfiles/htdocs/remy-react/remy/node_modules/vite/dist/node/chunks/dep-CMEinpL-.js:32420:26)
      at async TransformPluginContext.handler (file:///Applications/XAMPP/xamppfiles/htdocs/remy-react/remy/node_modules/vite/dist/node/chunks/dep-CMEinpL-.js:31950:54)
      at async EnvironmentPluginContainer.transform (file:///Applications/XAMPP/xamppfiles/htdocs/remy-react/remy/node_modules/vite/dist/node/chunks/dep-CMEinpL-.js:31351:14)
      at async loadAndTransform (file:///Applications/XAMPP/xamppfiles/htdocs/remy-react/remy/node_modules/vite/dist/node/chunks/dep-CMEinpL-.js:26438:26)
10:52:28 [vite] (client) Pre-transform error: [postcss] Missing "./base" specifier in "tailwindcss" package
  Plugin: vite:css
  File: /Applications/XAMPP/xamppfiles/htdocs/remy-react/remy/src/index.css:undefined:NaN
